TN:
SF:src/modules/appointments/services/CreateAppointmentService.ts
FN:84,__decorate
FN:84,__metadata
FN:84,__param
FN:84,__importDefault
FN:22,CreateAppointmentService
FN:30,execute
FNF:6
FNH:6
FNDA:1,__decorate
FNDA:1,__metadata
FNDA:2,__param
FNDA:1,__importDefault
FNDA:5,CreateAppointmentService
FNDA:14,execute
DA:1,1
DA:2,1
DA:3,1
DA:4,1
DA:5,1
DA:6,1
DA:7,1
DA:8,1
DA:9,1
DA:10,1
DA:11,1
DA:12,1
DA:13,1
DA:14,1
DA:15,1
DA:16,1
DA:17,1
DA:18,1
DA:19,1
DA:20,1
DA:21,1
DA:22,1
DA:23,5
DA:24,5
DA:25,5
DA:26,5
DA:27,5
DA:28,5
DA:29,1
DA:30,1
DA:31,14
DA:32,14
DA:33,14
DA:34,14
DA:35,14
DA:36,14
DA:37,14
DA:38,2
DA:39,2
DA:40,2
DA:41,2
DA:42,5
DA:43,14
DA:44,2
DA:45,2
DA:46,3
DA:47,14
DA:48,0
DA:49,0
DA:50,0
DA:51,0
DA:52,3
DA:53,3
DA:54,3
DA:55,3
DA:56,3
DA:57,14
DA:58,1
DA:59,1
DA:60,1
DA:61,1
DA:62,1
DA:63,2
DA:64,2
DA:65,2
DA:66,2
DA:67,2
DA:68,2
DA:69,2
DA:70,2
DA:71,2
DA:72,2
DA:73,2
DA:74,2
DA:75,2
DA:76,2
DA:77,2
DA:78,2
DA:79,2
DA:80,2
DA:81,0
DA:82,1
DA:83,1
DA:84,1
LF:84
LH:79
BRDA:84,0,0,1
BRDA:84,1,0,1
BRDA:84,2,0,0
BRDA:84,3,0,0
BRDA:84,4,0,0
BRDA:84,5,0,0
BRDA:84,6,0,1
BRDA:84,7,0,2
BRDA:84,8,0,2
BRDA:84,9,0,1
BRDA:84,10,0,0
BRDA:22,11,0,5
BRDA:30,12,0,14
BRDA:37,13,0,2
BRDA:41,14,0,5
BRDA:43,15,0,2
BRDA:45,16,0,3
BRDA:47,17,0,0
BRDA:51,18,0,3
BRDA:57,19,0,1
BRDA:62,20,0,2
BRDA:80,21,0,0
BRF:22
BRH:15
end_of_record
TN:
SF:src/modules/appointments/services/ListProviderAppointmentsService.ts
FN:40,__decorate
FN:40,__metadata
FN:40,__param
FN:18,ListProviderAppointmentsService
FN:23,execute
FNF:5
FNH:5
FNDA:1,__decorate
FNDA:1,__metadata
FNDA:1,__param
FNDA:1,ListProviderAppointmentsService
FNDA:2,execute
DA:1,1
DA:2,1
DA:3,1
DA:4,1
DA:5,1
DA:6,1
DA:7,1
DA:8,1
DA:9,1
DA:10,1
DA:11,1
DA:12,1
DA:13,1
DA:14,1
DA:15,1
DA:16,1
DA:17,1
DA:18,1
DA:19,1
DA:20,1
DA:21,1
DA:22,1
DA:23,1
DA:24,2
DA:25,2
DA:26,2
DA:27,2
DA:28,2
DA:29,2
DA:30,2
DA:31,2
DA:32,2
DA:33,2
DA:34,2
DA:35,2
DA:36,2
DA:37,1
DA:38,1
DA:39,0
DA:40,1
LF:40
LH:39
BRDA:40,0,0,1
BRDA:40,1,0,1
BRDA:40,2,0,0
BRDA:40,3,0,0
BRDA:40,4,0,0
BRDA:40,5,0,0
BRDA:40,6,0,1
BRDA:40,7,0,1
BRDA:40,8,0,1
BRDA:18,9,0,1
BRDA:23,10,0,2
BRDA:36,11,0,1
BRDA:38,12,0,0
BRF:13
BRH:8
end_of_record
TN:
SF:src/modules/appointments/services/ListProviderDayAvailabilityService.ts
FN:67,__decorate
FN:67,__metadata
FN:67,__param
FN:22,ListProviderDayAvailabilityService
FN:27,execute
FN:46,Array.from
FN:51,eachHourArray.map.hour
FN:53,appointments.find.appointment
FNF:8
FNH:8
FNDA:1,__decorate
FNDA:1,__metadata
FNDA:1,__param
FNDA:1,ListProviderDayAvailabilityService
FNDA:2,execute
FNDA:10,Array.from
FNDA:10,eachHourArray.map.hour
FNDA:19,appointments.find.appointment
DA:1,1
DA:2,1
DA:3,1
DA:4,1
DA:5,1
DA:6,1
DA:7,1
DA:8,1
DA:9,1
DA:10,1
DA:11,1
DA:12,1
DA:13,1
DA:14,1
DA:15,1
DA:16,1
DA:17,1
DA:18,1
DA:19,1
DA:20,1
DA:21,1
DA:22,1
DA:23,1
DA:24,1
DA:25,1
DA:26,1
DA:27,1
DA:28,2
DA:29,2
DA:30,2
DA:31,2
DA:32,2
DA:33,2
DA:34,2
DA:35,2
DA:36,2
DA:37,2
DA:38,2
DA:39,2
DA:40,2
DA:41,1
DA:42,1
DA:43,1
DA:44,1
DA:45,1
DA:46,1
DA:47,1
DA:48,1
DA:49,1
DA:50,1
DA:51,1
DA:52,10
DA:53,10
DA:54,10
DA:55,10
DA:56,10
DA:57,10
DA:58,10
DA:59,10
DA:60,10
DA:61,10
DA:62,10
DA:63,1
DA:64,1
DA:65,1
DA:66,0
DA:67,1
LF:67
LH:66
BRDA:67,0,0,1
BRDA:67,1,0,1
BRDA:67,2,0,0
BRDA:67,3,0,0
BRDA:67,4,0,0
BRDA:67,5,0,0
BRDA:67,6,0,1
BRDA:67,7,0,1
BRDA:67,8,0,1
BRDA:22,9,0,1
BRDA:27,10,0,2
BRDA:40,11,0,1
BRDA:65,12,0,0
BRDA:46,13,0,10
BRDA:51,14,0,10
BRDA:61,15,0,8
BRDA:53,16,0,19
BRF:17
BRH:12
end_of_record
TN:
SF:src/modules/appointments/services/ListProviderMonthAvailabilityService.ts
FN:61,__decorate
FN:61,__metadata
FN:61,__param
FN:21,ListProviderMonthAvailabilityService
FN:26,execute
FN:45,Array.from
FN:48,eachDayArray.map.day
FN:49,appointments.filter.appointment
FNF:8
FNH:8
FNDA:1,__decorate
FNDA:1,__metadata
FNDA:1,__param
FNDA:1,ListProviderMonthAvailabilityService
FNDA:2,execute
FNDA:30,Array.from
FNDA:30,eachDayArray.map.day
FNDA:330,appointments.filter.appointment
DA:1,1
DA:2,1
DA:3,1
DA:4,1
DA:5,1
DA:6,1
DA:7,1
DA:8,1
DA:9,1
DA:10,1
DA:11,1
DA:12,1
DA:13,1
DA:14,1
DA:15,1
DA:16,1
DA:17,1
DA:18,1
DA:19,1
DA:20,1
DA:21,1
DA:22,1
DA:23,1
DA:24,1
DA:25,1
DA:26,1
DA:27,2
DA:28,2
DA:29,2
DA:30,2
DA:31,2
DA:32,2
DA:33,2
DA:34,2
DA:35,2
DA:36,2
DA:37,2
DA:38,1
DA:39,1
DA:40,1
DA:41,1
DA:42,1
DA:43,1
DA:44,1
DA:45,1
DA:46,1
DA:47,1
DA:48,1
DA:49,30
DA:50,330
DA:51,30
DA:52,30
DA:53,30
DA:54,30
DA:55,30
DA:56,30
DA:57,1
DA:58,1
DA:59,1
DA:60,0
DA:61,1
LF:61
LH:60
BRDA:61,0,0,1
BRDA:61,1,0,1
BRDA:61,2,0,0
BRDA:61,3,0,0
BRDA:61,4,0,0
BRDA:61,5,0,0
BRDA:61,6,0,1
BRDA:61,7,0,1
BRDA:61,8,0,1
BRDA:21,9,0,1
BRDA:26,10,0,2
BRDA:37,11,0,1
BRDA:59,12,0,0
BRDA:45,13,0,30
BRDA:48,14,0,30
BRDA:49,15,0,330
BRF:16
BRH:11
end_of_record
TN:
SF:src/modules/appointments/services/ListProvidersService.ts
FN:25,__decorate
FN:25,__metadata
FN:25,__param
FN:13,ListProvidersService
FN:18,execute
FNF:5
FNH:5
FNDA:1,__decorate
FNDA:1,__metadata
FNDA:1,__param
FNDA:1,ListProvidersService
FNDA:2,execute
DA:1,1
DA:2,1
DA:3,1
DA:4,1
DA:5,1
DA:6,1
DA:7,1
DA:8,1
DA:9,1
DA:10,1
DA:11,1
DA:12,1
DA:13,1
DA:14,1
DA:15,1
DA:16,1
DA:17,1
DA:18,1
DA:19,2
DA:20,2
DA:21,2
DA:22,1
DA:23,1
DA:24,0
DA:25,1
LF:25
LH:24
BRDA:25,0,0,1
BRDA:25,1,0,1
BRDA:25,2,0,0
BRDA:25,3,0,0
BRDA:25,4,0,0
BRDA:25,5,0,0
BRDA:25,6,0,1
BRDA:25,7,0,1
BRDA:25,8,0,1
BRDA:13,9,0,1
BRDA:18,10,0,2
BRDA:21,11,0,1
BRDA:23,12,0,0
BRF:13
BRH:8
end_of_record
TN:
SF:src/modules/users/services/AuthenticateUserService.ts
FN:58,__decorate
FN:58,__metadata
FN:58,__param
FN:58,__importDefault
FN:23,AuthenticateUserService
FN:31,execute
FNF:6
FNH:6
FNDA:1,__decorate
FNDA:1,__metadata
FNDA:2,__param
FNDA:2,__importDefault
FNDA:3,AuthenticateUserService
FNDA:8,execute
DA:1,1
DA:2,1
DA:3,1
DA:4,1
DA:5,1
DA:6,1
DA:7,1
DA:8,1
DA:9,1
DA:10,1
DA:11,1
DA:12,1
DA:13,1
DA:14,1
DA:15,1
DA:16,1
DA:17,1
DA:18,1
DA:19,1
DA:20,1
DA:21,1
DA:22,1
DA:23,1
DA:24,3
DA:25,3
DA:26,3
DA:27,3
DA:28,3
DA:29,3
DA:30,1
DA:31,1
DA:32,8
DA:33,3
DA:34,8
DA:35,1
DA:36,1
DA:37,2
DA:38,2
DA:39,2
DA:40,2
DA:41,2
DA:42,2
DA:43,8
DA:44,1
DA:45,1
DA:46,1
DA:47,1
DA:48,1
DA:49,1
DA:50,1
DA:51,1
DA:52,1
DA:53,1
DA:54,1
DA:55,1
DA:56,1
DA:57,0
DA:58,1
LF:58
LH:57
BRDA:58,0,0,1
BRDA:58,1,0,1
BRDA:58,2,0,0
BRDA:58,3,0,0
BRDA:58,4,0,0
BRDA:58,5,0,0
BRDA:58,6,0,1
BRDA:58,7,0,2
BRDA:58,8,0,2
BRDA:58,9,0,2
BRDA:58,10,0,0
BRDA:23,11,0,3
BRDA:31,12,0,8
BRDA:32,13,0,3
BRDA:34,14,0,1
BRDA:36,15,0,2
BRDA:43,16,0,1
BRDA:56,17,0,0
BRF:18
BRH:12
end_of_record
TN:
SF:src/modules/users/services/CreateUserService.ts
FN:45,__decorate
FN:45,__metadata
FN:45,__param
FN:45,__importDefault
FN:20,CreateUserService
FN:28,execute
FNF:6
FNH:6
FNDA:2,__decorate
FNDA:2,__metadata
FNDA:4,__param
FNDA:2,__importDefault
FNDA:5,CreateUserService
FNDA:18,execute
DA:1,1
DA:2,1
DA:3,1
DA:4,1
DA:5,1
DA:6,1
DA:7,1
DA:8,1
DA:9,1
DA:10,1
DA:11,1
DA:12,1
DA:13,1
DA:14,1
DA:15,1
DA:16,1
DA:17,1
DA:18,1
DA:19,1
DA:20,1
DA:21,5
DA:22,5
DA:23,5
DA:24,5
DA:25,5
DA:26,5
DA:27,1
DA:28,1
DA:29,18
DA:30,5
DA:31,18
DA:32,1
DA:33,1
DA:34,4
DA:35,4
DA:36,4
DA:37,4
DA:38,4
DA:39,4
DA:40,4
DA:41,4
DA:42,4
DA:43,4
DA:44,0
DA:45,1
LF:45
LH:44
BRDA:45,0,0,2
BRDA:45,1,0,2
BRDA:45,2,0,0
BRDA:45,3,0,0
BRDA:45,4,0,0
BRDA:45,5,0,0
BRDA:45,6,0,2
BRDA:45,7,0,4
BRDA:45,8,0,4
BRDA:45,9,0,2
BRDA:45,10,0,0
BRDA:20,11,0,5
BRDA:28,12,0,18
BRDA:29,13,0,5
BRDA:31,14,0,1
BRDA:33,15,0,4
BRDA:43,16,0,0
BRF:17
BRH:11
end_of_record
TN:
SF:src/modules/users/services/ResetPasswordService.ts
FN:53,__decorate
FN:53,__metadata
FN:53,__param
FN:53,__importDefault
FN:19,ResetPasswordService
FN:30,execute
FNF:6
FNH:6
FNDA:1,__decorate
FNDA:1,__metadata
FNDA:3,__param
FNDA:1,__importDefault
FNDA:4,ResetPasswordService
FNDA:13,execute
DA:1,1
DA:2,1
DA:3,1
DA:4,1
DA:5,1
DA:6,1
DA:7,1
DA:8,1
DA:9,1
DA:10,1
DA:11,1
DA:12,1
DA:13,1
DA:14,1
DA:15,1
DA:16,1
DA:17,1
DA:18,1
DA:19,1
DA:20,4
DA:21,4
DA:22,4
DA:23,4
DA:24,4
DA:25,4
DA:26,4
DA:27,4
DA:28,4
DA:29,1
DA:30,1
DA:31,13
DA:32,4
DA:33,13
DA:34,1
DA:35,1
DA:36,3
DA:37,3
DA:38,13
DA:39,1
DA:40,1
DA:41,2
DA:42,2
DA:43,2
DA:44,2
DA:45,13
DA:46,1
DA:47,1
DA:48,1
DA:49,1
DA:50,1
DA:51,1
DA:52,1
DA:53,1
LF:53
LH:53
BRDA:53,0,0,1
BRDA:53,1,0,1
BRDA:53,2,0,0
BRDA:53,3,0,0
BRDA:53,4,0,0
BRDA:53,5,0,0
BRDA:53,6,0,1
BRDA:53,7,0,3
BRDA:53,8,0,3
BRDA:53,9,0,1
BRDA:53,10,0,0
BRDA:19,11,0,4
BRDA:30,12,0,13
BRDA:31,13,0,4
BRDA:33,14,0,1
BRDA:35,15,0,3
BRDA:38,16,0,1
BRDA:40,17,0,2
BRDA:45,18,0,1
BRF:19
BRH:14
end_of_record
TN:
SF:src/modules/users/services/SendForgotPasswordEmailService.ts
FN:60,__decorate
FN:60,__metadata
FN:60,__param
FN:60,__importDefault
FN:18,SendForgotPasswordEmailService
FN:29,execute
FNF:6
FNH:6
FNDA:1,__decorate
FNDA:1,__metadata
FNDA:3,__param
FNDA:2,__importDefault
FNDA:3,SendForgotPasswordEmailService
FNDA:10,execute
DA:1,1
DA:2,1
DA:3,1
DA:4,1
DA:5,1
DA:6,1
DA:7,1
DA:8,1
DA:9,1
DA:10,1
DA:11,1
DA:12,1
DA:13,1
DA:14,1
DA:15,1
DA:16,1
DA:17,1
DA:18,1
DA:19,3
DA:20,3
DA:21,3
DA:22,3
DA:23,3
DA:24,3
DA:25,3
DA:26,3
DA:27,3
DA:28,1
DA:29,1
DA:30,10
DA:31,3
DA:32,10
DA:33,1
DA:34,1
DA:35,2
DA:36,2
DA:37,2
DA:38,2
DA:39,2
DA:40,2
DA:41,2
DA:42,2
DA:43,2
DA:44,2
DA:45,2
DA:46,2
DA:47,2
DA:48,2
DA:49,2
DA:50,2
DA:51,2
DA:52,2
DA:53,2
DA:54,2
DA:55,2
DA:56,2
DA:57,2
DA:58,2
DA:59,2
DA:60,1
LF:60
LH:60
BRDA:60,0,0,1
BRDA:60,1,0,1
BRDA:60,2,0,0
BRDA:60,3,0,0
BRDA:60,4,0,0
BRDA:60,5,0,0
BRDA:60,6,0,1
BRDA:60,7,0,3
BRDA:60,8,0,3
BRDA:60,9,0,2
BRDA:60,10,0,1
BRDA:60,11,0,1
BRDA:18,12,0,3
BRDA:29,13,0,10
BRDA:30,14,0,3
BRDA:32,15,0,1
BRDA:34,16,0,2
BRF:17
BRH:13
end_of_record
TN:
SF:src/modules/users/services/ShowProfileService.ts
FN:33,__decorate
FN:33,__metadata
FN:33,__param
FN:33,__importDefault
FN:19,ShowProfileService
FN:24,execute
FNF:6
FNH:6
FNDA:1,__decorate
FNDA:1,__metadata
FNDA:1,__param
FNDA:1,__importDefault
FNDA:2,ShowProfileService
FNDA:4,execute
DA:1,1
DA:2,1
DA:3,1
DA:4,1
DA:5,1
DA:6,1
DA:7,1
DA:8,1
DA:9,1
DA:10,1
DA:11,1
DA:12,1
DA:13,1
DA:14,1
DA:15,1
DA:16,1
DA:17,1
DA:18,1
DA:19,1
DA:20,2
DA:21,2
DA:22,2
DA:23,1
DA:24,1
DA:25,4
DA:26,2
DA:27,4
DA:28,1
DA:29,1
DA:30,1
DA:31,1
DA:32,0
DA:33,1
LF:33
LH:32
BRDA:33,0,0,1
BRDA:33,1,0,1
BRDA:33,2,0,0
BRDA:33,3,0,0
BRDA:33,4,0,0
BRDA:33,5,0,0
BRDA:33,6,0,1
BRDA:33,7,0,1
BRDA:33,8,0,1
BRDA:33,9,0,1
BRDA:33,10,0,0
BRDA:19,11,0,2
BRDA:24,12,0,4
BRDA:25,13,0,2
BRDA:27,14,0,1
BRDA:31,15,0,0
BRF:16
BRH:10
end_of_record
TN:
SF:src/modules/users/services/UpdateProfileService.ts
FN:75,__decorate
FN:75,__metadata
FN:75,__param
FN:75,__importDefault
FN:24,UpdateProfileService
FN:32,execute
FNF:6
FNH:6
FNDA:1,__decorate
FNDA:1,__metadata
FNDA:2,__param
FNDA:1,__importDefault
FNDA:6,UpdateProfileService
FNDA:20,execute
DA:1,1
DA:2,1
DA:3,1
DA:4,1
DA:5,1
DA:6,1
DA:7,1
DA:8,1
DA:9,1
DA:10,1
DA:11,1
DA:12,1
DA:13,1
DA:14,1
DA:15,1
DA:16,1
DA:17,1
DA:18,1
DA:19,1
DA:20,1
DA:21,1
DA:22,1
DA:23,1
DA:24,1
DA:25,6
DA:26,6
DA:27,6
DA:28,6
DA:29,6
DA:30,6
DA:31,1
DA:32,1
DA:33,20
DA:34,20
DA:35,20
DA:36,20
DA:37,20
DA:38,20
DA:39,20
DA:40,6
DA:41,20
DA:42,1
DA:43,1
DA:44,5
DA:45,5
DA:46,5
DA:47,5
DA:48,5
DA:49,20
DA:50,1
DA:51,1
DA:52,4
DA:53,4
DA:54,4
DA:55,4
DA:56,20
DA:57,1
DA:58,1
DA:59,1
DA:60,1
DA:61,20
DA:62,2
DA:63,2
DA:64,2
DA:65,2
DA:66,2
DA:67,2
DA:68,1
DA:69,1
DA:70,1
DA:71,1
DA:72,2
DA:73,2
DA:74,0
DA:75,1
LF:75
LH:74
BRDA:75,0,0,1
BRDA:75,1,0,1
BRDA:75,2,0,0
BRDA:75,3,0,0
BRDA:75,4,0,0
BRDA:75,5,0,0
BRDA:75,6,0,1
BRDA:75,7,0,2
BRDA:75,8,0,2
BRDA:75,9,0,1
BRDA:75,10,0,0
BRDA:24,11,0,6
BRDA:32,12,0,20
BRDA:39,13,0,6
BRDA:41,14,0,1
BRDA:43,15,0,5
BRDA:49,16,0,1
BRDA:49,17,0,1
BRDA:51,18,0,4
BRDA:56,19,0,3
BRDA:56,20,0,1
BRDA:60,21,0,3
BRDA:61,22,0,2
BRDA:61,23,0,2
BRDA:67,24,0,1
BRDA:73,25,0,0
BRF:26
BRH:20
end_of_record
TN:
SF:src/modules/users/services/UpdateUserAvatarService.ts
FN:54,__decorate
FN:54,__metadata
FN:54,__param
FN:54,__importDefault
FN:22,UpadteUserAvatarService
FN:30,execute
FNF:6
FNH:6
FNDA:1,__decorate
FNDA:1,__metadata
FNDA:2,__param
FNDA:1,__importDefault
FNDA:3,UpadteUserAvatarService
FNDA:15,execute
DA:1,1
DA:2,1
DA:3,1
DA:4,1
DA:5,1
DA:6,1
DA:7,1
DA:8,1
DA:9,1
DA:10,1
DA:11,1
DA:12,1
DA:13,1
DA:14,1
DA:15,1
DA:16,1
DA:17,1
DA:18,1
DA:19,1
DA:20,1
DA:21,1
DA:22,1
DA:23,3
DA:24,3
DA:25,3
DA:26,3
DA:27,3
DA:28,3
DA:29,1
DA:30,1
DA:31,15
DA:32,4
DA:33,15
DA:34,1
DA:35,1
DA:36,1
DA:37,1
DA:38,1
DA:39,3
DA:40,15
DA:41,1
DA:42,1
DA:43,1
DA:44,1
DA:45,3
DA:46,3
DA:47,3
DA:48,3
DA:49,3
DA:50,3
DA:51,3
DA:52,3
DA:53,0
DA:54,1
LF:54
LH:53
BRDA:54,0,0,1
BRDA:54,1,0,1
BRDA:54,2,0,0
BRDA:54,3,0,0
BRDA:54,4,0,0
BRDA:54,5,0,0
BRDA:54,6,0,1
BRDA:54,7,0,2
BRDA:54,8,0,2
BRDA:54,9,0,1
BRDA:54,10,0,0
BRDA:22,11,0,3
BRDA:30,12,0,15
BRDA:31,13,0,4
BRDA:33,14,0,1
BRDA:38,15,0,3
BRDA:40,16,0,1
BRDA:44,17,0,3
BRDA:52,18,0,0
BRF:19
BRH:13
end_of_record
