TN:
SF:src/modules/appointments/services/CreateAppointmentService.ts
FN:48,__decorate
FN:48,__metadata
FN:48,__param
FN:48,__awaiter
FN:48,adopt
FN:48,fulfilled
FN:48,rejected
FN:48,step
FN:48,__generator
FN:48,sent
FN:48,g.<computed>
FN:48,verb
FN:48,step
FN:48,__importDefault
FN:20,CreateAppointmentService
FN:25,CreateAppointmentService.execute
FNF:16
FNH:14
FNDA:1,__decorate
FNDA:1,__metadata
FNDA:1,__param
FNDA:3,__awaiter
FNDA:5,adopt
FNDA:5,fulfilled
FNDA:0,rejected
FNDA:7,step
FNDA:3,__generator
FNDA:5,sent
FNDA:0,g.<computed>
FNDA:9,verb
FNDA:8,step
FNDA:1,__importDefault
FNDA:2,CreateAppointmentService
FNDA:3,CreateAppointmentService.execute
DA:1,1
DA:2,1
DA:3,1
DA:4,1
DA:5,1
DA:6,1
DA:7,1
DA:8,1
DA:9,1
DA:10,1
DA:11,1
DA:12,1
DA:13,1
DA:14,1
DA:15,1
DA:16,1
DA:17,1
DA:18,1
DA:19,1
DA:20,1
DA:21,2
DA:22,2
DA:23,2
DA:24,1
DA:25,1
DA:26,3
DA:27,3
DA:28,3
DA:29,3
DA:30,3
DA:31,3
DA:32,3
DA:33,1
DA:34,1
DA:35,1
DA:36,1
DA:37,1
DA:38,2
DA:39,2
DA:40,2
DA:41,2
DA:42,2
DA:43,3
DA:44,3
DA:45,3
DA:46,1
DA:47,1
DA:48,1
LF:48
LH:48
BRDA:48,0,0,1
BRDA:48,1,0,1
BRDA:48,2,0,0
BRDA:48,3,0,0
BRDA:48,4,0,0
BRDA:48,5,0,0
BRDA:48,6,0,1
BRDA:48,7,0,1
BRDA:48,8,0,1
BRDA:48,9,0,3
BRDA:48,10,0,5
BRDA:48,11,0,0
BRDA:48,12,0,3
BRDA:48,13,0,5
BRDA:48,14,0,1
BRDA:48,15,0,7
BRDA:48,16,0,2
BRDA:48,17,0,5
BRDA:48,18,0,3
BRDA:48,19,0,5
BRDA:48,20,0,0
BRDA:48,21,0,9
BRDA:48,22,0,8
BRDA:48,23,0,8
BRDA:48,24,0,0
BRDA:48,25,0,16
BRDA:48,26,0,0
BRDA:48,27,0,0
BRDA:48,28,0,0
BRDA:48,29,0,0
BRDA:48,30,0,8
BRDA:48,31,0,8
BRDA:48,32,0,5
BRDA:48,33,0,0
BRDA:48,34,0,0
BRDA:48,35,0,3
BRDA:48,36,0,0
BRDA:48,37,0,2
BRDA:48,38,0,0
BRDA:48,39,0,0
BRDA:48,40,0,0
BRDA:48,41,0,0
BRDA:48,42,0,8
BRDA:48,43,0,1
BRDA:48,44,0,8
BRDA:48,45,0,3
BRDA:48,46,0,1
BRDA:48,47,0,2
BRDA:48,48,0,0
BRDA:48,49,0,1
BRDA:48,50,0,0
BRDA:19,51,0,1
BRDA:20,52,0,2
BRDA:25,53,0,3
BRDA:48,54,0,3
BRDA:48,55,0,8
BRDA:48,56,0,3
BRDA:48,57,0,3
BRDA:32,58,0,1
BRDA:37,59,0,2
BRDA:48,60,0,2
BRF:61
BRH:41
end_of_record
TN:
SF:src/modules/users/services/AuthenticateUserService.ts
FN:58,__decorate
FN:58,__metadata
FN:58,__param
FN:58,__awaiter
FN:58,adopt
FN:58,fulfilled
FN:58,rejected
FN:58,step
FN:58,__generator
FN:58,sent
FN:58,g.<computed>
FN:58,verb
FN:58,step
FN:58,__importDefault
FN:23,AuthenticateUserService
FN:31,AuthenticateUserService.execute
FNF:16
FNH:14
FNDA:1,__decorate
FNDA:1,__metadata
FNDA:2,__param
FNDA:3,__awaiter
FNDA:5,adopt
FNDA:5,fulfilled
FNDA:0,rejected
FNDA:6,step
FNDA:3,__generator
FNDA:5,sent
FNDA:0,g.<computed>
FNDA:9,verb
FNDA:8,step
FNDA:2,__importDefault
FNDA:3,AuthenticateUserService
FNDA:3,AuthenticateUserService.execute
DA:1,1
DA:2,1
DA:3,1
DA:4,1
DA:5,1
DA:6,1
DA:7,1
DA:8,1
DA:9,1
DA:10,1
DA:11,1
DA:12,1
DA:13,1
DA:14,1
DA:15,1
DA:16,1
DA:17,1
DA:18,1
DA:19,1
DA:20,1
DA:21,1
DA:22,1
DA:23,1
DA:24,3
DA:25,3
DA:26,3
DA:27,3
DA:28,3
DA:29,3
DA:30,1
DA:31,1
DA:32,3
DA:33,3
DA:34,3
DA:35,1
DA:36,1
DA:37,2
DA:38,2
DA:39,2
DA:40,2
DA:41,2
DA:42,3
DA:43,3
DA:44,1
DA:45,1
DA:46,1
DA:47,1
DA:48,1
DA:49,1
DA:50,1
DA:51,1
DA:52,1
DA:53,1
DA:54,1
DA:55,1
DA:56,1
DA:57,3
DA:58,1
LF:58
LH:58
BRDA:58,0,0,1
BRDA:58,1,0,1
BRDA:58,2,0,0
BRDA:58,3,0,0
BRDA:58,4,0,0
BRDA:58,5,0,0
BRDA:58,6,0,1
BRDA:58,7,0,2
BRDA:58,8,0,2
BRDA:58,9,0,3
BRDA:58,10,0,5
BRDA:58,11,0,0
BRDA:58,12,0,3
BRDA:58,13,0,5
BRDA:58,14,0,2
BRDA:58,15,0,6
BRDA:58,16,0,1
BRDA:58,17,0,5
BRDA:58,18,0,3
BRDA:58,19,0,5
BRDA:58,20,0,0
BRDA:58,21,0,9
BRDA:58,22,0,8
BRDA:58,23,0,8
BRDA:58,24,0,0
BRDA:58,25,0,16
BRDA:58,26,0,0
BRDA:58,27,0,0
BRDA:58,28,0,0
BRDA:58,29,0,0
BRDA:58,30,0,8
BRDA:58,31,0,8
BRDA:58,32,0,5
BRDA:58,33,0,0
BRDA:58,34,0,0
BRDA:58,35,0,3
BRDA:58,36,0,0
BRDA:58,37,0,1
BRDA:58,38,0,0
BRDA:58,39,0,0
BRDA:58,40,0,0
BRDA:58,41,0,0
BRDA:58,42,0,8
BRDA:58,43,0,2
BRDA:58,44,0,8
BRDA:58,45,0,3
BRDA:58,46,0,2
BRDA:58,47,0,1
BRDA:58,48,0,0
BRDA:58,49,0,2
BRDA:58,50,0,0
BRDA:22,51,0,1
BRDA:23,52,0,3
BRDA:31,53,0,3
BRDA:58,54,0,3
BRDA:58,55,0,8
BRDA:32,56,0,3
BRDA:58,57,0,3
BRDA:34,58,0,1
BRDA:36,59,0,2
BRDA:58,60,0,2
BRDA:43,61,0,1
BRF:62
BRH:42
end_of_record
TN:
SF:src/modules/users/services/CreateUserService.ts
FN:45,__decorate
FN:45,__metadata
FN:45,__param
FN:45,__awaiter
FN:45,adopt
FN:45,fulfilled
FN:45,rejected
FN:45,step
FN:45,__generator
FN:45,sent
FN:45,g.<computed>
FN:45,verb
FN:45,step
FN:45,__importDefault
FN:20,CreateUserService
FN:28,CreateUserService.execute
FNF:16
FNH:14
FNDA:2,__decorate
FNDA:2,__metadata
FNDA:4,__param
FNDA:5,__awaiter
FNDA:13,adopt
FNDA:13,fulfilled
FNDA:0,rejected
FNDA:17,step
FNDA:5,__generator
FNDA:13,sent
FNDA:0,g.<computed>
FNDA:15,verb
FNDA:18,step
FNDA:2,__importDefault
FNDA:5,CreateUserService
FNDA:5,CreateUserService.execute
DA:1,1
DA:2,1
DA:3,1
DA:4,1
DA:5,1
DA:6,1
DA:7,1
DA:8,1
DA:9,1
DA:10,1
DA:11,1
DA:12,1
DA:13,1
DA:14,1
DA:15,1
DA:16,1
DA:17,1
DA:18,1
DA:19,2
DA:20,2
DA:21,5
DA:22,5
DA:23,5
DA:24,5
DA:25,5
DA:26,5
DA:27,2
DA:28,2
DA:29,5
DA:30,5
DA:31,5
DA:32,1
DA:33,1
DA:34,4
DA:35,4
DA:36,5
DA:37,5
DA:38,5
DA:39,5
DA:40,5
DA:41,5
DA:42,5
DA:43,5
DA:44,5
DA:45,2
LF:45
LH:45
BRDA:45,0,0,2
BRDA:45,1,0,2
BRDA:45,2,0,0
BRDA:45,3,0,0
BRDA:45,4,0,0
BRDA:45,5,0,0
BRDA:45,6,0,2
BRDA:45,7,0,4
BRDA:45,8,0,4
BRDA:45,9,0,5
BRDA:45,10,0,13
BRDA:45,11,0,0
BRDA:45,12,0,5
BRDA:45,13,0,13
BRDA:45,14,0,1
BRDA:45,15,0,17
BRDA:45,16,0,4
BRDA:45,17,0,13
BRDA:45,18,0,5
BRDA:45,19,0,13
BRDA:45,20,0,0
BRDA:45,21,0,15
BRDA:45,22,0,18
BRDA:45,23,0,18
BRDA:45,24,0,0
BRDA:45,25,0,36
BRDA:45,26,0,0
BRDA:45,27,0,0
BRDA:45,28,0,0
BRDA:45,29,0,0
BRDA:45,30,0,18
BRDA:45,31,0,18
BRDA:45,32,0,13
BRDA:45,33,0,0
BRDA:45,34,0,0
BRDA:45,35,0,5
BRDA:45,36,0,0
BRDA:45,37,0,4
BRDA:45,38,0,0
BRDA:45,39,0,0
BRDA:45,40,0,0
BRDA:45,41,0,0
BRDA:45,42,0,18
BRDA:45,43,0,1
BRDA:45,44,0,18
BRDA:45,45,0,5
BRDA:45,46,0,1
BRDA:45,47,0,4
BRDA:45,48,0,0
BRDA:45,49,0,2
BRDA:45,50,0,0
BRDA:19,51,0,2
BRDA:20,52,0,5
BRDA:28,53,0,5
BRDA:45,54,0,5
BRDA:45,55,0,18
BRDA:29,56,0,5
BRDA:45,57,0,5
BRDA:31,58,0,1
BRDA:33,59,0,4
BRDA:45,60,0,4
BRDA:45,61,0,4
BRF:62
BRH:42
end_of_record
TN:
SF:src/modules/users/services/ResetPasswordService.ts
FN:53,__decorate
FN:53,__metadata
FN:53,__param
FN:53,__awaiter
FN:53,adopt
FN:53,fulfilled
FN:53,rejected
FN:53,step
FN:53,__generator
FN:53,sent
FN:53,g.<computed>
FN:53,verb
FN:53,step
FN:53,__importDefault
FN:19,ResetPasswordService
FN:30,ResetPasswordService.execute
FNF:16
FNH:14
FNDA:1,__decorate
FNDA:1,__metadata
FNDA:3,__param
FNDA:4,__awaiter
FNDA:9,adopt
FNDA:9,fulfilled
FNDA:0,rejected
FNDA:10,step
FNDA:4,__generator
FNDA:9,sent
FNDA:0,g.<computed>
FNDA:12,verb
FNDA:13,step
FNDA:1,__importDefault
FNDA:4,ResetPasswordService
FNDA:4,ResetPasswordService.execute
DA:1,1
DA:2,1
DA:3,1
DA:4,1
DA:5,1
DA:6,1
DA:7,1
DA:8,1
DA:9,1
DA:10,1
DA:11,1
DA:12,1
DA:13,1
DA:14,1
DA:15,1
DA:16,1
DA:17,1
DA:18,1
DA:19,1
DA:20,4
DA:21,4
DA:22,4
DA:23,4
DA:24,4
DA:25,4
DA:26,4
DA:27,4
DA:28,4
DA:29,1
DA:30,1
DA:31,4
DA:32,4
DA:33,4
DA:34,1
DA:35,1
DA:36,3
DA:37,4
DA:38,4
DA:39,1
DA:40,1
DA:41,2
DA:42,2
DA:43,2
DA:44,2
DA:45,4
DA:46,1
DA:47,1
DA:48,1
DA:49,1
DA:50,4
DA:51,4
DA:52,4
DA:53,1
LF:53
LH:53
BRDA:53,0,0,1
BRDA:53,1,0,1
BRDA:53,2,0,0
BRDA:53,3,0,0
BRDA:53,4,0,0
BRDA:53,5,0,0
BRDA:53,6,0,1
BRDA:53,7,0,3
BRDA:53,8,0,3
BRDA:53,9,0,4
BRDA:53,10,0,9
BRDA:53,11,0,0
BRDA:53,12,0,4
BRDA:53,13,0,9
BRDA:53,14,0,3
BRDA:53,15,0,10
BRDA:53,16,0,1
BRDA:53,17,0,9
BRDA:53,18,0,4
BRDA:53,19,0,9
BRDA:53,20,0,0
BRDA:53,21,0,12
BRDA:53,22,0,13
BRDA:53,23,0,13
BRDA:53,24,0,0
BRDA:53,25,0,26
BRDA:53,26,0,0
BRDA:53,27,0,0
BRDA:53,28,0,0
BRDA:53,29,0,0
BRDA:53,30,0,13
BRDA:53,31,0,13
BRDA:53,32,0,9
BRDA:53,33,0,0
BRDA:53,34,0,0
BRDA:53,35,0,4
BRDA:53,36,0,0
BRDA:53,37,0,1
BRDA:53,38,0,0
BRDA:53,39,0,0
BRDA:53,40,0,0
BRDA:53,41,0,0
BRDA:53,42,0,13
BRDA:53,43,0,3
BRDA:53,44,0,13
BRDA:53,45,0,4
BRDA:53,46,0,3
BRDA:53,47,0,1
BRDA:53,48,0,0
BRDA:53,49,0,1
BRDA:53,50,0,0
BRDA:18,51,0,1
BRDA:19,52,0,4
BRDA:30,53,0,4
BRDA:53,54,0,4
BRDA:53,55,0,13
BRDA:31,56,0,4
BRDA:53,57,0,4
BRDA:33,58,0,1
BRDA:35,59,0,3
BRDA:53,60,0,3
BRDA:38,61,0,1
BRDA:40,62,0,2
BRDA:45,63,0,1
BRDA:53,64,0,1
BRDA:53,65,0,1
BRF:66
BRH:46
end_of_record
TN:
SF:src/modules/users/services/SendForgotPasswordEmailService.ts
FN:60,__decorate
FN:60,__metadata
FN:60,__param
FN:60,__awaiter
FN:60,adopt
FN:60,fulfilled
FN:60,rejected
FN:60,step
FN:60,__generator
FN:60,sent
FN:60,g.<computed>
FN:60,verb
FN:60,step
FN:60,__importDefault
FN:18,SendForgotPasswordEmailService
FN:29,SendForgotPasswordEmailService.execute
FNF:16
FNH:14
FNDA:1,__decorate
FNDA:1,__metadata
FNDA:3,__param
FNDA:3,__awaiter
FNDA:7,adopt
FNDA:7,fulfilled
FNDA:0,rejected
FNDA:9,step
FNDA:3,__generator
FNDA:7,sent
FNDA:0,g.<computed>
FNDA:9,verb
FNDA:10,step
FNDA:2,__importDefault
FNDA:3,SendForgotPasswordEmailService
FNDA:3,SendForgotPasswordEmailService.execute
DA:1,1
DA:2,1
DA:3,1
DA:4,1
DA:5,1
DA:6,1
DA:7,1
DA:8,1
DA:9,1
DA:10,1
DA:11,1
DA:12,1
DA:13,1
DA:14,1
DA:15,1
DA:16,1
DA:17,1
DA:18,1
DA:19,3
DA:20,3
DA:21,3
DA:22,3
DA:23,3
DA:24,3
DA:25,3
DA:26,3
DA:27,3
DA:28,1
DA:29,1
DA:30,3
DA:31,3
DA:32,3
DA:33,1
DA:34,1
DA:35,2
DA:36,2
DA:37,3
DA:38,3
DA:39,3
DA:40,3
DA:41,3
DA:42,3
DA:43,3
DA:44,3
DA:45,3
DA:46,3
DA:47,3
DA:48,3
DA:49,3
DA:50,3
DA:51,3
DA:52,3
DA:53,3
DA:54,3
DA:55,3
DA:56,3
DA:57,3
DA:58,3
DA:59,3
DA:60,1
LF:60
LH:60
BRDA:60,0,0,1
BRDA:60,1,0,1
BRDA:60,2,0,0
BRDA:60,3,0,0
BRDA:60,4,0,0
BRDA:60,5,0,0
BRDA:60,6,0,1
BRDA:60,7,0,3
BRDA:60,8,0,3
BRDA:60,9,0,3
BRDA:60,10,0,7
BRDA:60,11,0,0
BRDA:60,12,0,3
BRDA:60,13,0,7
BRDA:60,14,0,1
BRDA:60,15,0,9
BRDA:60,16,0,2
BRDA:60,17,0,7
BRDA:60,18,0,3
BRDA:60,19,0,7
BRDA:60,20,0,0
BRDA:60,21,0,9
BRDA:60,22,0,10
BRDA:60,23,0,10
BRDA:60,24,0,0
BRDA:60,25,0,20
BRDA:60,26,0,0
BRDA:60,27,0,0
BRDA:60,28,0,0
BRDA:60,29,0,0
BRDA:60,30,0,10
BRDA:60,31,0,10
BRDA:60,32,0,7
BRDA:60,33,0,0
BRDA:60,34,0,0
BRDA:60,35,0,3
BRDA:60,36,0,0
BRDA:60,37,0,2
BRDA:60,38,0,0
BRDA:60,39,0,0
BRDA:60,40,0,0
BRDA:60,41,0,0
BRDA:60,42,0,10
BRDA:60,43,0,1
BRDA:60,44,0,10
BRDA:60,45,0,3
BRDA:60,46,0,1
BRDA:60,47,0,2
BRDA:60,48,0,0
BRDA:60,49,0,2
BRDA:60,50,0,1
BRDA:60,51,0,1
BRDA:17,52,0,1
BRDA:18,53,0,3
BRDA:29,54,0,3
BRDA:60,55,0,3
BRDA:60,56,0,10
BRDA:30,57,0,3
BRDA:60,58,0,3
BRDA:32,59,0,1
BRDA:34,60,0,2
BRDA:60,61,0,2
BRDA:60,62,0,2
BRF:63
BRH:44
end_of_record
TN:
SF:src/modules/users/services/ShowProfileService.ts
FN:33,__decorate
FN:33,__metadata
FN:33,__param
FN:33,__awaiter
FN:33,adopt
FN:33,fulfilled
FN:33,rejected
FN:33,step
FN:33,__generator
FN:33,sent
FN:33,g.<computed>
FN:33,verb
FN:33,step
FN:33,__importDefault
FN:19,ShowProfileService
FN:24,ShowProfileService.execute
FNF:16
FNH:14
FNDA:1,__decorate
FNDA:1,__metadata
FNDA:1,__param
FNDA:2,__awaiter
FNDA:2,adopt
FNDA:2,fulfilled
FNDA:0,rejected
FNDA:3,step
FNDA:2,__generator
FNDA:2,sent
FNDA:0,g.<computed>
FNDA:6,verb
FNDA:4,step
FNDA:1,__importDefault
FNDA:2,ShowProfileService
FNDA:2,ShowProfileService.execute
DA:1,1
DA:2,1
DA:3,1
DA:4,1
DA:5,1
DA:6,1
DA:7,1
DA:8,1
DA:9,1
DA:10,1
DA:11,1
DA:12,1
DA:13,1
DA:14,1
DA:15,1
DA:16,1
DA:17,1
DA:18,1
DA:19,1
DA:20,2
DA:21,2
DA:22,2
DA:23,1
DA:24,1
DA:25,2
DA:26,2
DA:27,2
DA:28,1
DA:29,1
DA:30,1
DA:31,1
DA:32,2
DA:33,1
LF:33
LH:33
BRDA:33,0,0,1
BRDA:33,1,0,1
BRDA:33,2,0,0
BRDA:33,3,0,0
BRDA:33,4,0,0
BRDA:33,5,0,0
BRDA:33,6,0,1
BRDA:33,7,0,1
BRDA:33,8,0,1
BRDA:33,9,0,2
BRDA:33,10,0,2
BRDA:33,11,0,0
BRDA:33,12,0,2
BRDA:33,13,0,2
BRDA:33,14,0,1
BRDA:33,15,0,3
BRDA:33,16,0,1
BRDA:33,17,0,2
BRDA:33,18,0,2
BRDA:33,19,0,2
BRDA:33,20,0,0
BRDA:33,21,0,6
BRDA:33,22,0,4
BRDA:33,23,0,4
BRDA:33,24,0,0
BRDA:33,25,0,8
BRDA:33,26,0,0
BRDA:33,27,0,0
BRDA:33,28,0,0
BRDA:33,29,0,0
BRDA:33,30,0,4
BRDA:33,31,0,4
BRDA:33,32,0,2
BRDA:33,33,0,0
BRDA:33,34,0,0
BRDA:33,35,0,2
BRDA:33,36,0,0
BRDA:33,37,0,1
BRDA:33,38,0,0
BRDA:33,39,0,0
BRDA:33,40,0,0
BRDA:33,41,0,0
BRDA:33,42,0,4
BRDA:33,43,0,1
BRDA:33,44,0,4
BRDA:33,45,0,2
BRDA:33,46,0,1
BRDA:33,47,0,0
BRDA:33,48,0,1
BRDA:33,49,0,0
BRDA:18,50,0,1
BRDA:19,51,0,2
BRDA:24,52,0,2
BRDA:33,53,0,2
BRDA:33,54,0,4
BRDA:25,55,0,2
BRDA:33,56,0,2
BRDA:27,57,0,1
BRF:58
BRH:38
end_of_record
TN:
SF:src/modules/users/services/UpdateProfileService.ts
FN:75,__decorate
FN:75,__metadata
FN:75,__param
FN:75,__awaiter
FN:75,adopt
FN:75,fulfilled
FN:75,rejected
FN:75,step
FN:75,__generator
FN:75,sent
FN:75,g.<computed>
FN:75,verb
FN:75,step
FN:75,__importDefault
FN:24,UpdateProfileService
FN:32,UpdateProfileService.execute
FNF:16
FNH:14
FNDA:1,__decorate
FNDA:1,__metadata
FNDA:2,__param
FNDA:6,__awaiter
FNDA:14,adopt
FNDA:14,fulfilled
FNDA:0,rejected
FNDA:16,step
FNDA:6,__generator
FNDA:14,sent
FNDA:0,g.<computed>
FNDA:18,verb
FNDA:20,step
FNDA:1,__importDefault
FNDA:6,UpdateProfileService
FNDA:6,UpdateProfileService.execute
DA:1,1
DA:2,1
DA:3,1
DA:4,1
DA:5,1
DA:6,1
DA:7,1
DA:8,1
DA:9,1
DA:10,1
DA:11,1
DA:12,1
DA:13,1
DA:14,1
DA:15,1
DA:16,1
DA:17,1
DA:18,1
DA:19,1
DA:20,1
DA:21,1
DA:22,1
DA:23,1
DA:24,1
DA:25,6
DA:26,6
DA:27,6
DA:28,6
DA:29,6
DA:30,6
DA:31,1
DA:32,1
DA:33,6
DA:34,6
DA:35,6
DA:36,6
DA:37,6
DA:38,6
DA:39,6
DA:40,6
DA:41,6
DA:42,1
DA:43,1
DA:44,5
DA:45,5
DA:46,5
DA:47,5
DA:48,6
DA:49,6
DA:50,1
DA:51,1
DA:52,4
DA:53,4
DA:54,4
DA:55,4
DA:56,6
DA:57,1
DA:58,1
DA:59,1
DA:60,1
DA:61,6
DA:62,2
DA:63,2
DA:64,2
DA:65,2
DA:66,6
DA:67,6
DA:68,1
DA:69,1
DA:70,1
DA:71,6
DA:72,6
DA:73,6
DA:74,6
DA:75,1
LF:75
LH:75
BRDA:75,0,0,1
BRDA:75,1,0,1
BRDA:75,2,0,0
BRDA:75,3,0,0
BRDA:75,4,0,0
BRDA:75,5,0,0
BRDA:75,6,0,1
BRDA:75,7,0,2
BRDA:75,8,0,2
BRDA:75,9,0,6
BRDA:75,10,0,14
BRDA:75,11,0,0
BRDA:75,12,0,6
BRDA:75,13,0,14
BRDA:75,14,0,4
BRDA:75,15,0,16
BRDA:75,16,0,2
BRDA:75,17,0,14
BRDA:75,18,0,6
BRDA:75,19,0,14
BRDA:75,20,0,0
BRDA:75,21,0,18
BRDA:75,22,0,20
BRDA:75,23,0,20
BRDA:75,24,0,0
BRDA:75,25,0,41
BRDA:75,26,0,0
BRDA:75,27,0,0
BRDA:75,28,0,0
BRDA:75,29,0,0
BRDA:75,30,0,20
BRDA:75,31,0,20
BRDA:75,32,0,14
BRDA:75,33,0,0
BRDA:75,34,0,0
BRDA:75,35,0,7
BRDA:75,36,0,0
BRDA:75,37,0,3
BRDA:75,38,0,6
BRDA:75,39,0,1
BRDA:75,40,0,0
BRDA:75,41,0,1
BRDA:75,42,0,0
BRDA:75,43,0,0
BRDA:75,44,0,0
BRDA:75,45,0,21
BRDA:75,46,0,4
BRDA:75,47,0,21
BRDA:75,48,0,6
BRDA:75,49,0,4
BRDA:75,50,0,2
BRDA:75,51,0,0
BRDA:75,52,0,1
BRDA:75,53,0,0
BRDA:23,54,0,1
BRDA:24,55,0,6
BRDA:32,56,0,6
BRDA:75,57,0,6
BRDA:75,58,0,21
BRDA:39,59,0,6
BRDA:75,60,0,6
BRDA:41,61,0,1
BRDA:43,62,0,5
BRDA:75,63,0,5
BRDA:49,64,0,1
BRDA:49,65,0,1
BRDA:51,66,0,4
BRDA:56,67,0,3
BRDA:56,68,0,1
BRDA:60,69,0,3
BRDA:61,70,0,2
BRDA:61,71,0,1
BRDA:61,72,0,2
BRDA:75,73,0,2
BRDA:67,74,0,1
BRDA:75,75,0,1
BRDA:73,76,0,2
BRF:77
BRH:57
end_of_record
TN:
SF:src/modules/users/services/UpdateUserAvatarService.ts
FN:54,__decorate
FN:54,__metadata
FN:54,__param
FN:54,__awaiter
FN:54,adopt
FN:54,fulfilled
FN:54,rejected
FN:54,step
FN:54,__generator
FN:54,sent
FN:54,g.<computed>
FN:54,verb
FN:54,step
FN:54,__importDefault
FN:22,UpadteUserAvatarService
FN:30,UpadteUserAvatarService.execute
FNF:16
FNH:14
FNDA:1,__decorate
FNDA:1,__metadata
FNDA:2,__param
FNDA:4,__awaiter
FNDA:11,adopt
FNDA:11,fulfilled
FNDA:0,rejected
FNDA:14,step
FNDA:4,__generator
FNDA:11,sent
FNDA:0,g.<computed>
FNDA:12,verb
FNDA:15,step
FNDA:1,__importDefault
FNDA:3,UpadteUserAvatarService
FNDA:4,UpadteUserAvatarService.execute
DA:1,1
DA:2,1
DA:3,1
DA:4,1
DA:5,1
DA:6,1
DA:7,1
DA:8,1
DA:9,1
DA:10,1
DA:11,1
DA:12,1
DA:13,1
DA:14,1
DA:15,1
DA:16,1
DA:17,1
DA:18,1
DA:19,1
DA:20,1
DA:21,1
DA:22,1
DA:23,3
DA:24,3
DA:25,3
DA:26,3
DA:27,3
DA:28,3
DA:29,1
DA:30,1
DA:31,4
DA:32,4
DA:33,4
DA:34,1
DA:35,1
DA:36,1
DA:37,1
DA:38,1
DA:39,3
DA:40,3
DA:41,1
DA:42,1
DA:43,1
DA:44,4
DA:45,4
DA:46,4
DA:47,4
DA:48,4
DA:49,4
DA:50,4
DA:51,4
DA:52,4
DA:53,4
DA:54,1
LF:54
LH:54
BRDA:54,0,0,1
BRDA:54,1,0,1
BRDA:54,2,0,0
BRDA:54,3,0,0
BRDA:54,4,0,0
BRDA:54,5,0,0
BRDA:54,6,0,1
BRDA:54,7,0,2
BRDA:54,8,0,2
BRDA:54,9,0,4
BRDA:54,10,0,11
BRDA:54,11,0,0
BRDA:54,12,0,4
BRDA:54,13,0,11
BRDA:54,14,0,1
BRDA:54,15,0,14
BRDA:54,16,0,3
BRDA:54,17,0,11
BRDA:54,18,0,4
BRDA:54,19,0,11
BRDA:54,20,0,0
BRDA:54,21,0,12
BRDA:54,22,0,15
BRDA:54,23,0,15
BRDA:54,24,0,0
BRDA:54,25,0,32
BRDA:54,26,0,0
BRDA:54,27,0,0
BRDA:54,28,0,0
BRDA:54,29,0,0
BRDA:54,30,0,15
BRDA:54,31,0,15
BRDA:54,32,0,11
BRDA:54,33,0,0
BRDA:54,34,0,0
BRDA:54,35,0,6
BRDA:54,36,0,0
BRDA:54,37,0,5
BRDA:54,38,0,4
BRDA:54,39,0,2
BRDA:54,40,0,0
BRDA:54,41,0,2
BRDA:54,42,0,0
BRDA:54,43,0,0
BRDA:54,44,0,0
BRDA:54,45,0,17
BRDA:54,46,0,1
BRDA:54,47,0,17
BRDA:54,48,0,4
BRDA:54,49,0,1
BRDA:54,50,0,3
BRDA:54,51,0,0
BRDA:54,52,0,1
BRDA:54,53,0,0
BRDA:21,54,0,1
BRDA:22,55,0,3
BRDA:30,56,0,4
BRDA:54,57,0,4
BRDA:54,58,0,17
BRDA:31,59,0,4
BRDA:54,60,0,4
BRDA:33,61,0,1
BRDA:38,62,0,3
BRDA:40,63,0,2
BRDA:40,64,0,1
BRDA:54,65,0,1
BRDA:46,66,0,3
BRDA:54,67,0,3
BRDA:54,68,0,3
BRF:69
BRH:49
end_of_record
